[2020-08-06 15:59:25,886] multiqc                                            [DEBUG  ]  No MultiQC config found: /cluster/home/mtinti/miniconda3/envs/ritSeq/lib/python3.7/site-packages/multiqc_config.yaml
[2020-08-06 15:59:25,887] multiqc                                            [DEBUG  ]  No MultiQC config found: /homes/mtinti/.multiqc_config.yaml
[2020-08-06 15:59:25,889] multiqc                                            [DEBUG  ]  Loading config settings from: multiqc_config.yaml
[2020-08-06 15:59:25,889] multiqc                                            [DEBUG  ]  New config 'title': TFR RNA-seq
[2020-08-06 15:59:25,889] multiqc                                            [DEBUG  ]  Added to filename clean extensions: ['_1.*', '_2.*', '_sorted.bam', '_']
[2020-08-06 15:59:25,889] multiqc                                            [DEBUG  ]  New config 'data_dir_name': tfr_mqc/report
[2020-08-06 15:59:25,890] multiqc                                            [DEBUG  ]  New config 'output_fn_name': tfr_mqc/report.html
[2020-08-06 15:59:25,890] multiqc                                            [DEBUG  ]  New config 'fastp': {'fn': '*_fastp.json'}
[2020-08-06 15:59:25,890] multiqc                                            [DEBUG  ]  New config 'top_modules': ['generalstats', 'fastp', 'bowtie2', 'bamqc', 'picard', 'featurecounts', 'fastq_screen']
[2020-08-06 15:59:25,891] multiqc                                            [DEBUG  ]  Loading config settings from: multiqc_fastqc.yaml
[2020-08-06 15:59:25,891] multiqc                                            [DEBUG  ]  New config 'title': Polysome RNA-seq
[2020-08-06 15:59:25,891] multiqc                                            [DEBUG  ]  New config 'fn_clean_exts': ['.fq.gz']
[2020-08-06 15:59:25,891] multiqc                                            [DEBUG  ]  New config 'data_dir_name': tfr_mqc/report_fastqc
[2020-08-06 15:59:25,891] multiqc                                            [DEBUG  ]  New config 'output_fn_name': tfr_mqc/report_fastqc.html
[2020-08-06 15:59:25,891] multiqc                                            [DEBUG  ]  Command used: /homes/mtinti/miniconda3/envs/ritSeq/bin/multiqc C1/res/C1/fastqc C2/res/C2/fastqc C3/res/C3/fastqc D1/res/D1/fastqc D2/res/D2/fastqc D3/res/D3/fastqc DF1/res/DF1/fastqc DF2/res/DF2/fastqc DF3/res/DF3/fastqc F1/res/F1/fastqc F2/res/F2/fastqc F3/res/F3/fastqc --config multiqc_fastqc.yaml -f
[2020-08-06 15:59:26,148] multiqc                                            [WARNING]  MultiQC Version v1.9 now available!
[2020-08-06 15:59:26,148] multiqc                                            [INFO   ]  This is MultiQC v1.7
[2020-08-06 15:59:26,148] multiqc                                            [DEBUG  ]  Command     : /homes/mtinti/miniconda3/envs/ritSeq/bin/multiqc C1/res/C1/fastqc C2/res/C2/fastqc C3/res/C3/fastqc D1/res/D1/fastqc D2/res/D2/fastqc D3/res/D3/fastqc DF1/res/DF1/fastqc DF2/res/DF2/fastqc DF3/res/DF3/fastqc F1/res/F1/fastqc F2/res/F2/fastqc F3/res/F3/fastqc --config multiqc_fastqc.yaml -f
[2020-08-06 15:59:26,148] multiqc                                            [DEBUG  ]  Working dir : /cluster/majf_lab/mtinti/Calvin/TfrKD
[2020-08-06 15:59:26,148] multiqc                                            [INFO   ]  Template    : default
[2020-08-06 15:59:26,148] multiqc                                            [INFO   ]  Report title: Polysome RNA-seq
[2020-08-06 15:59:26,148] multiqc                                            [INFO   ]  Searching 'C1/res/C1/fastqc'
[2020-08-06 15:59:26,148] multiqc                                            [INFO   ]  Searching 'C2/res/C2/fastqc'
[2020-08-06 15:59:26,148] multiqc                                            [INFO   ]  Searching 'C3/res/C3/fastqc'
[2020-08-06 15:59:26,148] multiqc                                            [INFO   ]  Searching 'D1/res/D1/fastqc'
[2020-08-06 15:59:26,149] multiqc                                            [INFO   ]  Searching 'D2/res/D2/fastqc'
[2020-08-06 15:59:26,149] multiqc                                            [INFO   ]  Searching 'D3/res/D3/fastqc'
[2020-08-06 15:59:26,149] multiqc                                            [INFO   ]  Searching 'DF1/res/DF1/fastqc'
[2020-08-06 15:59:26,149] multiqc                                            [INFO   ]  Searching 'DF2/res/DF2/fastqc'
[2020-08-06 15:59:26,149] multiqc                                            [INFO   ]  Searching 'DF3/res/DF3/fastqc'
[2020-08-06 15:59:26,149] multiqc                                            [INFO   ]  Searching 'F1/res/F1/fastqc'
[2020-08-06 15:59:26,149] multiqc                                            [INFO   ]  Searching 'F2/res/F2/fastqc'
[2020-08-06 15:59:26,149] multiqc                                            [INFO   ]  Searching 'F3/res/F3/fastqc'
[2020-08-06 15:59:26,149] multiqc                                            [DEBUG  ]  Analysing modules: fastp, bowtie2, picard, fastq_screen, custom_content, conpair, peddy, methylQA, phantompeakqualtools, qualimap, preseq, quast, qorts, rna_seqc, rsem, rseqc, busco, goleft_indexcov, disambiguate, supernova, deeptools, sargasso, verifybamid, mirtrace, happy, homer, macs2, theta2, snpeff, gatk, htseq, bcftools, featureCounts, dedup, damageprofiler, prokka, samblaster, samtools, bamtools, jellyfish, vcftools, longranger, stacks, bbmap, bismark, biscuit, hicexplorer, hicup, hicpro, salmon, kallisto, slamdunk, star, hisat2, tophat, bowtie1, kat, leehom, adapterRemoval, clipandmerge, cutadapt, flexbar, trimmomatic, skewer, sortmerna, biobloomtools, afterqc, fastqc, minionqc, clusterflow, bcl2fastq, interop, flash
[2020-08-06 15:59:26,150] multiqc                                            [DEBUG  ]  Using temporary directory for creating report: /tmp/3004.1.all.q/tmpuv0s5pdo
[2020-08-06 15:59:26,241] multiqc                                            [DEBUG  ]  Ignoring file as matched an ignore pattern: C1_1_fastqc.html
[2020-08-06 15:59:26,244] multiqc                                            [DEBUG  ]  Ignoring file as matched an ignore pattern: C1_2_fastqc.html
[2020-08-06 15:59:26,245] multiqc                                            [DEBUG  ]  Ignoring file as matched an ignore pattern: C2_1_fastqc.html
[2020-08-06 15:59:26,245] multiqc                                            [DEBUG  ]  Ignoring file as matched an ignore pattern: C2_2_fastqc.html
[2020-08-06 15:59:26,245] multiqc                                            [DEBUG  ]  Ignoring file as matched an ignore pattern: C3_2_fastqc.html
[2020-08-06 15:59:26,246] multiqc                                            [DEBUG  ]  Ignoring file as matched an ignore pattern: C3_1_fastqc.html
[2020-08-06 15:59:26,246] multiqc                                            [DEBUG  ]  Ignoring file as matched an ignore pattern: D1_1_fastqc.html
[2020-08-06 15:59:26,247] multiqc                                            [DEBUG  ]  Ignoring file as matched an ignore pattern: D1_2_fastqc.html
[2020-08-06 15:59:26,247] multiqc                                            [DEBUG  ]  Ignoring file as matched an ignore pattern: D2_1_fastqc.html
[2020-08-06 15:59:26,247] multiqc                                            [DEBUG  ]  Ignoring file as matched an ignore pattern: D2_2_fastqc.html
[2020-08-06 15:59:26,248] multiqc                                            [DEBUG  ]  Ignoring file as matched an ignore pattern: D3_2_fastqc.html
[2020-08-06 15:59:26,248] multiqc                                            [DEBUG  ]  Ignoring file as matched an ignore pattern: D3_1_fastqc.html
[2020-08-06 15:59:26,249] multiqc                                            [DEBUG  ]  Ignoring file as matched an ignore pattern: DF1_1_fastqc.html
[2020-08-06 15:59:26,249] multiqc                                            [DEBUG  ]  Ignoring file as matched an ignore pattern: DF1_2_fastqc.html
[2020-08-06 15:59:26,249] multiqc                                            [DEBUG  ]  Ignoring file as matched an ignore pattern: DF2_1_fastqc.html
[2020-08-06 15:59:26,249] multiqc                                            [DEBUG  ]  Ignoring file as matched an ignore pattern: DF2_2_fastqc.html
[2020-08-06 15:59:26,250] multiqc                                            [DEBUG  ]  Ignoring file as matched an ignore pattern: DF3_1_fastqc.html
[2020-08-06 15:59:26,250] multiqc                                            [DEBUG  ]  Ignoring file as matched an ignore pattern: DF3_2_fastqc.html
[2020-08-06 15:59:26,250] multiqc                                            [DEBUG  ]  Ignoring file as matched an ignore pattern: F1_1_fastqc.html
[2020-08-06 15:59:26,250] multiqc                                            [DEBUG  ]  Ignoring file as matched an ignore pattern: F1_2_fastqc.html
[2020-08-06 15:59:26,251] multiqc                                            [DEBUG  ]  Ignoring file as matched an ignore pattern: F2_2_fastqc.html
[2020-08-06 15:59:26,251] multiqc                                            [DEBUG  ]  Ignoring file as matched an ignore pattern: F2_1_fastqc.html
[2020-08-06 15:59:26,251] multiqc                                            [DEBUG  ]  Ignoring file as matched an ignore pattern: F32_fastqc.html
[2020-08-06 15:59:26,252] multiqc                                            [DEBUG  ]  Ignoring file as matched an ignore pattern: F3_1_fastqc.html
[2020-08-06 15:59:26,515] multiqc                                            [DEBUG  ]  No samples found: fastp
[2020-08-06 15:59:26,518] multiqc                                            [DEBUG  ]  No samples found: bowtie2
[2020-08-06 15:59:26,528] multiqc                                            [DEBUG  ]  No samples found: picard
[2020-08-06 15:59:26,532] multiqc                                            [DEBUG  ]  No samples found: fastq_screen
[2020-08-06 15:59:26,536] multiqc                                            [DEBUG  ]  No samples found: custom_content
[2020-08-06 15:59:26,540] multiqc                                            [DEBUG  ]  No samples found: conpair
[2020-08-06 15:59:26,544] multiqc                                            [DEBUG  ]  No samples found: peddy
[2020-08-06 15:59:26,548] multiqc                                            [DEBUG  ]  No samples found: methylQA
[2020-08-06 15:59:26,552] multiqc                                            [DEBUG  ]  No samples found: phantompeakqualtools
[2020-08-06 15:59:26,556] multiqc                                            [DEBUG  ]  No samples found: qualimap
[2020-08-06 15:59:26,560] multiqc                                            [DEBUG  ]  No samples found: preseq
[2020-08-06 15:59:26,564] multiqc                                            [DEBUG  ]  No samples found: quast
[2020-08-06 15:59:26,568] multiqc                                            [DEBUG  ]  No samples found: qorts
[2020-08-06 15:59:26,572] multiqc                                            [DEBUG  ]  No samples found: rna_seqc
[2020-08-06 15:59:26,576] multiqc                                            [DEBUG  ]  No samples found: rsem
[2020-08-06 15:59:26,583] multiqc                                            [DEBUG  ]  No samples found: rseqc
[2020-08-06 15:59:26,587] multiqc                                            [DEBUG  ]  No samples found: busco
[2020-08-06 15:59:26,592] multiqc                                            [DEBUG  ]  No samples found: goleft_indexcov
[2020-08-06 15:59:26,596] multiqc                                            [DEBUG  ]  No samples found: disambiguate
[2020-08-06 15:59:26,600] multiqc                                            [DEBUG  ]  No samples found: supernova
[2020-08-06 15:59:26,607] multiqc                                            [DEBUG  ]  No samples found: deeptools
[2020-08-06 15:59:26,611] multiqc                                            [DEBUG  ]  No samples found: sargasso
[2020-08-06 15:59:26,615] multiqc                                            [DEBUG  ]  No samples found: verifybamid
[2020-08-06 15:59:26,619] multiqc                                            [DEBUG  ]  No samples found: mirtrace
[2020-08-06 15:59:26,623] multiqc                                            [DEBUG  ]  No samples found: happy
[2020-08-06 15:59:26,628] multiqc                                            [DEBUG  ]  No samples found: homer
[2020-08-06 15:59:26,631] multiqc                                            [DEBUG  ]  No samples found: macs2
[2020-08-06 15:59:26,635] multiqc                                            [DEBUG  ]  No samples found: theta2
[2020-08-06 15:59:26,639] multiqc                                            [DEBUG  ]  No samples found: snpeff
[2020-08-06 15:59:26,644] multiqc                                            [DEBUG  ]  No samples found: gatk
[2020-08-06 15:59:26,648] multiqc                                            [DEBUG  ]  No samples found: htseq
[2020-08-06 15:59:26,652] multiqc                                            [DEBUG  ]  No samples found: bcftools
[2020-08-06 15:59:26,656] multiqc                                            [DEBUG  ]  No samples found: featureCounts
[2020-08-06 15:59:26,660] multiqc                                            [DEBUG  ]  No samples found: dedup
[2020-08-06 15:59:26,664] multiqc                                            [DEBUG  ]  No samples found: damageprofiler
[2020-08-06 15:59:26,668] multiqc                                            [DEBUG  ]  No samples found: prokka
[2020-08-06 15:59:26,671] multiqc                                            [DEBUG  ]  No samples found: samblaster
[2020-08-06 15:59:26,677] multiqc                                            [DEBUG  ]  No samples found: samtools
[2020-08-06 15:59:26,681] multiqc                                            [DEBUG  ]  No samples found: bamtools
[2020-08-06 15:59:26,685] multiqc                                            [DEBUG  ]  No samples found: jellyfish
[2020-08-06 15:59:26,690] multiqc                                            [DEBUG  ]  No samples found: vcftools
[2020-08-06 15:59:26,694] multiqc                                            [DEBUG  ]  No samples found: longranger
[2020-08-06 15:59:26,698] multiqc                                            [DEBUG  ]  No samples found: stacks
[2020-08-06 15:59:26,706] multiqc                                            [DEBUG  ]  No samples found: bbmap
[2020-08-06 15:59:26,710] multiqc                                            [DEBUG  ]  No samples found: bismark
[2020-08-06 15:59:26,715] multiqc                                            [DEBUG  ]  No samples found: biscuit
[2020-08-06 15:59:26,718] multiqc                                            [DEBUG  ]  No samples found: hicexplorer
[2020-08-06 15:59:26,722] multiqc                                            [DEBUG  ]  No samples found: hicup
[2020-08-06 15:59:26,726] multiqc                                            [DEBUG  ]  No samples found: hicpro
[2020-08-06 15:59:26,730] multiqc                                            [DEBUG  ]  No samples found: salmon
[2020-08-06 15:59:26,734] multiqc                                            [DEBUG  ]  No samples found: kallisto
[2020-08-06 15:59:26,738] multiqc                                            [DEBUG  ]  No samples found: slamdunk
[2020-08-06 15:59:26,742] multiqc                                            [DEBUG  ]  No samples found: star
[2020-08-06 15:59:26,746] multiqc                                            [DEBUG  ]  No samples found: hisat2
[2020-08-06 15:59:26,750] multiqc                                            [DEBUG  ]  No samples found: tophat
[2020-08-06 15:59:26,754] multiqc                                            [DEBUG  ]  No samples found: bowtie1
[2020-08-06 15:59:26,757] multiqc                                            [DEBUG  ]  No samples found: kat
[2020-08-06 15:59:26,761] multiqc                                            [DEBUG  ]  No samples found: leehom
[2020-08-06 15:59:26,765] multiqc                                            [DEBUG  ]  No samples found: adapterRemoval
[2020-08-06 15:59:26,769] multiqc                                            [DEBUG  ]  No samples found: clipandmerge
[2020-08-06 15:59:26,773] multiqc                                            [DEBUG  ]  No samples found: cutadapt
[2020-08-06 15:59:26,777] multiqc                                            [DEBUG  ]  No samples found: flexbar
[2020-08-06 15:59:26,781] multiqc                                            [DEBUG  ]  No samples found: trimmomatic
[2020-08-06 15:59:26,784] multiqc                                            [DEBUG  ]  No samples found: skewer
[2020-08-06 15:59:26,788] multiqc                                            [DEBUG  ]  No samples found: sortmerna
[2020-08-06 15:59:26,792] multiqc                                            [DEBUG  ]  No samples found: biobloomtools
[2020-08-06 15:59:26,796] multiqc                                            [DEBUG  ]  No samples found: afterqc
[2020-08-06 15:59:26,877] multiqc.modules.fastqc.fastqc                      [INFO   ]  Found 24 reports
[2020-08-06 15:59:27,199] multiqc                                            [DEBUG  ]  No samples found: minionqc
[2020-08-06 15:59:27,202] multiqc                                            [DEBUG  ]  No samples found: clusterflow
[2020-08-06 15:59:27,206] multiqc                                            [DEBUG  ]  No samples found: bcl2fastq
[2020-08-06 15:59:27,209] multiqc                                            [DEBUG  ]  No samples found: interop
[2020-08-06 15:59:27,213] multiqc                                            [DEBUG  ]  No samples found: flash
[2020-08-06 15:59:27,249] multiqc                                            [INFO   ]  Compressing plot data
[2020-08-06 15:59:27,605] multiqc                                            [WARNING]  Deleting    : tfr_mqc/report_fastqc.html   (-f was specified)
[2020-08-06 15:59:27,606] multiqc                                            [WARNING]  Deleting    : tfr_mqc/report_fastqc   (-f was specified)
[2020-08-06 15:59:27,607] multiqc                                            [INFO   ]  Report      : tfr_mqc/report_fastqc.html
[2020-08-06 15:59:27,607] multiqc                                            [INFO   ]  Data        : tfr_mqc/report_fastqc
[2020-08-06 15:59:27,608] multiqc                                            [DEBUG  ]  Moving data file from '/tmp/3004.1.all.q/tmpuv0s5pdo/multiqc_data/multiqc_fastqc.txt' to '/cluster/majf_lab/mtinti/Calvin/TfrKD/tfr_mqc/report_fastqc'
[2020-08-06 15:59:27,608] multiqc                                            [DEBUG  ]  Moving data file from '/tmp/3004.1.all.q/tmpuv0s5pdo/multiqc_data/multiqc_general_stats.txt' to '/cluster/majf_lab/mtinti/Calvin/TfrKD/tfr_mqc/report_fastqc'
[2020-08-06 15:59:27,609] multiqc                                            [DEBUG  ]  Moving data file from '/tmp/3004.1.all.q/tmpuv0s5pdo/multiqc_data/multiqc_sources.txt' to '/cluster/majf_lab/mtinti/Calvin/TfrKD/tfr_mqc/report_fastqc'
[2020-08-06 15:59:27,610] multiqc                                            [DEBUG  ]  Moving data file from '/tmp/3004.1.all.q/tmpuv0s5pdo/multiqc_data/multiqc_data.json' to '/cluster/majf_lab/mtinti/Calvin/TfrKD/tfr_mqc/report_fastqc'
[2020-08-06 15:59:27,710] multiqc                                            [INFO   ]  MultiQC complete
